<?xml version="1.0" encoding="UTF-8"?>
<!-- Generated by org.testng.reporters.JUnitReportReporter -->
<testsuite skipped="0" hostname="HIBACL44401" name="MavenPackage.DataDriventest" tests="1" failures="0" timestamp="24 Mar 2019 07:59:57 GMT" time="1.620" errors="0">
  <testcase name="testdata" time="1.620" classname="MavenPackage.DataDriventest"/>
</testsuite> <!-- MavenPackage.DataDriventest -->
