<?xml version="1.0" encoding="UTF-8"?>
<!-- Generated by org.testng.reporters.JUnitReportReporter -->
<testsuite skipped="0" hostname="HIBACL44401" name="MavenPackage.TestExcel" tests="1" failures="0" timestamp="28 Mar 2019 05:30:39 GMT" time="0.602" errors="0">
  <testcase name="testExcel" time="0.602" classname="MavenPackage.TestExcel"/>
</testsuite> <!-- MavenPackage.TestExcel -->
